kotlin version: 2.0.21
error message: org.jetbrains.kotlin.backend.common.BackendException: Backend Internal error: Exception during IR lowering
File being compiled: C:/Users/Derisma E. Woodjery/AndroidStudioProjects/FlashCard_App/app/src/main/java/com/example/flashcard_app/MainActivity.kt
The root cause java.lang.RuntimeException was thrown at: org.jetbrains.kotlin.backend.jvm.codegen.FunctionCodegen.generate(FunctionCodegen.kt:47)
	at org.jetbrains.kotlin.backend.common.CodegenUtil.reportBackendException(CodegenUtil.kt:253)
	at org.jetbrains.kotlin.backend.common.CodegenUtil.reportBackendException$default(CodegenUtil.kt:236)
	at org.jetbrains.kotlin.backend.common.phaser.PerformByIrFilePhase.invokeSequential(performByIrFile.kt:65)
	at org.jetbrains.kotlin.backend.common.phaser.PerformByIrFilePhase.invoke(performByIrFile.kt:52)
	at org.jetbrains.kotlin.backend.common.phaser.PerformByIrFilePhase.invoke(performByIrFile.kt:38)
	at org.jetbrains.kotlin.backend.common.phaser.NamedCompilerPhase.phaseBody(CompilerPhase.kt:166)
	at org.jetbrains.kotlin.backend.common.phaser.AbstractNamedCompilerPhase.invoke(CompilerPhase.kt:113)
	at org.jetbrains.kotlin.backend.common.phaser.CompositePhase.invoke(PhaseBuilders.kt:27)
	at org.jetbrains.kotlin.backend.common.phaser.CompositePhase.invoke(PhaseBuilders.kt:14)
	at org.jetbrains.kotlin.backend.common.phaser.NamedCompilerPhase.phaseBody(CompilerPhase.kt:166)
	at org.jetbrains.kotlin.backend.common.phaser.AbstractNamedCompilerPhase.invoke(CompilerPhase.kt:113)
	at org.jetbrains.kotlin.backend.common.phaser.CompilerPhaseKt.invokeToplevel(CompilerPhase.kt:62)
	at org.jetbrains.kotlin.backend.jvm.JvmIrCodegenFactory.invokeCodegen(JvmIrCodegenFactory.kt:371)
	at org.jetbrains.kotlin.codegen.CodegenFactory.generateModule(CodegenFactory.kt:47)
	at org.jetbrains.kotlin.backend.jvm.JvmIrCodegenFactory.generateModuleInFrontendIRMode(JvmIrCodegenFactory.kt:433)
	at org.jetbrains.kotlin.cli.jvm.compiler.pipeline.JvmCompilerPipelineKt.generateCodeFromIr(jvmCompilerPipeline.kt:246)
	at org.jetbrains.kotlin.cli.jvm.compiler.pipeline.JvmCompilerPipelineKt.compileModulesUsingFrontendIrAndLightTree(jvmCompilerPipeline.kt:142)
	at org.jetbrains.kotlin.cli.jvm.K2JVMCompiler.doExecute(K2JVMCompiler.kt:148)
	at org.jetbrains.kotlin.cli.jvm.K2JVMCompiler.doExecute(K2JVMCompiler.kt:43)
	at org.jetbrains.kotlin.cli.common.CLICompiler.execImpl(CLICompiler.kt:103)
	at org.jetbrains.kotlin.cli.common.CLICompiler.execImpl(CLICompiler.kt:49)
	at org.jetbrains.kotlin.cli.common.CLITool.exec(CLITool.kt:101)
	at org.jetbrains.kotlin.incremental.IncrementalJvmCompilerRunner.runCompiler(IncrementalJvmCompilerRunner.kt:464)
	at org.jetbrains.kotlin.incremental.IncrementalJvmCompilerRunner.runCompiler(IncrementalJvmCompilerRunner.kt:73)
	at org.jetbrains.kotlin.incremental.IncrementalCompilerRunner.doCompile(IncrementalCompilerRunner.kt:506)
	at org.jetbrains.kotlin.incremental.IncrementalCompilerRunner.compileImpl(IncrementalCompilerRunner.kt:423)
	at org.jetbrains.kotlin.incremental.IncrementalCompilerRunner.tryCompileIncrementally$lambda$9$compile(IncrementalCompilerRunner.kt:249)
	at org.jetbrains.kotlin.incremental.IncrementalCompilerRunner.tryCompileIncrementally(IncrementalCompilerRunner.kt:267)
	at org.jetbrains.kotlin.incremental.IncrementalCompilerRunner.compile(IncrementalCompilerRunner.kt:120)
	at org.jetbrains.kotlin.daemon.CompileServiceImplBase.execIncrementalCompiler(CompileServiceImpl.kt:675)
	at org.jetbrains.kotlin.daemon.CompileServiceImplBase.access$execIncrementalCompiler(CompileServiceImpl.kt:92)
	at org.jetbrains.kotlin.daemon.CompileServiceImpl.compile(CompileServiceImpl.kt:1660)
	at java.base/jdk.internal.reflect.DirectMethodHandleAccessor.invoke(Unknown Source)
	at java.base/java.lang.reflect.Method.invoke(Unknown Source)
	at java.rmi/sun.rmi.server.UnicastServerRef.dispatch(Unknown Source)
	at java.rmi/sun.rmi.transport.Transport$1.run(Unknown Source)
	at java.rmi/sun.rmi.transport.Transport$1.run(Unknown Source)
	at java.base/java.security.AccessController.doPrivileged(Unknown Source)
	at java.rmi/sun.rmi.transport.Transport.serviceCall(Unknown Source)
	at java.rmi/sun.rmi.transport.tcp.TCPTransport.handleMessages(Unknown Source)
	at java.rmi/sun.rmi.transport.tcp.TCPTransport$ConnectionHandler.run0(Unknown Source)
	at java.rmi/sun.rmi.transport.tcp.TCPTransport$ConnectionHandler.lambda$run$0(Unknown Source)
	at java.base/java.security.AccessController.doPrivileged(Unknown Source)
	at java.rmi/sun.rmi.transport.tcp.TCPTransport$ConnectionHandler.run(Unknown Source)
	at java.base/java.util.concurrent.ThreadPoolExecutor.runWorker(Unknown Source)
	at java.base/java.util.concurrent.ThreadPoolExecutor$Worker.run(Unknown Source)
	at java.base/java.lang.Thread.run(Unknown Source)
Caused by: java.lang.RuntimeException: Exception while generating code for:
FUN name:onCreate visibility:protected modality:OPEN <> ($this:com.example.flashcard_app.MainActivity, savedInstanceState:android.os.Bundle?) returnType:kotlin.Unit
  overridden:
    protected/*protected and package*/ open fun onCreate (p0: @[EnhancedNullability] android.os.Bundle?): kotlin.Unit [fake_override] declared in androidx.appcompat.app.AppCompatActivity
  $this: VALUE_PARAMETER name:<this> type:com.example.flashcard_app.MainActivity
  VALUE_PARAMETER name:savedInstanceState index:0 type:android.os.Bundle?
  BLOCK_BODY
    CALL 'protected/*protected and package*/ open fun onCreate (p0: @[EnhancedNullability] android.os.Bundle?): kotlin.Unit [fake_override] declared in androidx.appcompat.app.AppCompatActivity' superQualifier='CLASS IR_EXTERNAL_JAVA_DECLARATION_STUB CLASS name:AppCompatActivity modality:OPEN visibility:public superTypes:[androidx.fragment.app.FragmentActivity; androidx.appcompat.app.AppCompatCallback; androidx.core.app.TaskStackBuilder.SupportParentable; androidx.appcompat.app.ActionBarDrawerToggle.DelegateProvider]' type=kotlin.Unit origin=null
      $this: GET_VAR '<this>: com.example.flashcard_app.MainActivity declared in com.example.flashcard_app.MainActivity.onCreate' type=com.example.flashcard_app.MainActivity origin=null
      p0: GET_VAR 'savedInstanceState: android.os.Bundle? declared in com.example.flashcard_app.MainActivity.onCreate' type=android.os.Bundle? origin=null
    CALL 'public final fun enableEdgeToEdge$default (statusBarStyle: androidx.activity.SystemBarStyle?, navigationBarStyle: androidx.activity.SystemBarStyle?, $mask0: kotlin.Int, $handler: kotlin.Any?): kotlin.Unit declared in androidx.activity.EdgeToEdge' type=kotlin.Unit origin=DEFAULT_DISPATCH_CALL
      $receiver: GET_VAR '<this>: com.example.flashcard_app.MainActivity declared in com.example.flashcard_app.MainActivity.onCreate' type=com.example.flashcard_app.MainActivity origin=null
      statusBarStyle: COMPOSITE type=androidx.activity.SystemBarStyle? origin=DEFAULT_VALUE
        CONST Null type=androidx.activity.SystemBarStyle? value=null
      navigationBarStyle: COMPOSITE type=androidx.activity.SystemBarStyle? origin=DEFAULT_VALUE
        CONST Null type=androidx.activity.SystemBarStyle? value=null
      $mask0: CONST Int type=kotlin.Int value=3
      $handler: CONST Null type=kotlin.Any? value=null
    CALL 'public open fun setContentView (p0: kotlin.Int): kotlin.Unit [fake_override] declared in com.example.flashcard_app.MainActivity' type=kotlin.Unit origin=null
      $this: GET_VAR '<this>: com.example.flashcard_app.MainActivity declared in com.example.flashcard_app.MainActivity.onCreate' type=com.example.flashcard_app.MainActivity origin=null
      p0: GET_FIELD 'FIELD IR_EXTERNAL_JAVA_DECLARATION_STUB name:activity_main type:kotlin.Int visibility:public [static] declared in com.example.flashcard_app.R.layout' type=kotlin.Int superQualifierSymbol=com.example.flashcard_app.R.layout origin=null
    VAR name:question type:kotlin.Array<kotlin.String> [val]
      BLOCK type=kotlin.Array<out kotlin.String> origin=null
        VAR IR_TEMPORARY_VARIABLE name:tmp0 type:kotlin.Array<out kotlin.String> [val]
          CALL 'public final fun arrayOfNulls <T> (size: kotlin.Int): kotlin.Array<T of kotlin.arrayOfNulls?> declared in kotlin' type=kotlin.Array<out kotlin.String> origin=null
            <T>: kotlin.String
            size: CONST Int type=kotlin.Int value=3
        CALL 'public final fun set (index: kotlin.Int, value: T of kotlin.Array): kotlin.Unit [operator] declared in kotlin.Array' type=kotlin.Unit origin=null
          $this: GET_VAR 'val tmp0: kotlin.Array<out kotlin.String> [val] declared in com.example.flashcard_app.MainActivity.onCreate' type=kotlin.Array<out kotlin.String> origin=null
          index: CONST Int type=kotlin.Int value=0
          value: CONST String type=kotlin.String value="Qui est le president des USA en 2025 depuis quelques annees"
        CALL 'public final fun set (index: kotlin.Int, value: T of kotlin.Array): kotlin.Unit [operator] declared in kotlin.Array' type=kotlin.Unit origin=null
          $this: GET_VAR 'val tmp0: kotlin.Array<out kotlin.String> [val] declared in com.example.flashcard_app.MainActivity.onCreate' type=kotlin.Array<out kotlin.String> origin=null
          index: CONST Int type=kotlin.Int value=1
          value: CONST String type=kotlin.String value="Entre nous deux, qui est le plus soucieux"
        CALL 'public final fun set (index: kotlin.Int, value: T of kotlin.Array): kotlin.Unit [operator] declared in kotlin.Array' type=kotlin.Unit origin=null
          $this: GET_VAR 'val tmp0: kotlin.Array<out kotlin.String> [val] declared in com.example.flashcard_app.MainActivity.onCreate' type=kotlin.Array<out kotlin.String> origin=null
          index: CONST Int type=kotlin.Int value=2
          value: CONST String type=kotlin.String value="Pourquoi il pleut tous les jours depuis cette semaine"
        GET_VAR 'val tmp0: kotlin.Array<out kotlin.String> [val] declared in com.example.flashcard_app.MainActivity.onCreate' type=kotlin.Array<out kotlin.String> origin=null
    VAR name:reponse type:kotlin.Array<kotlin.String> [val]
      BLOCK type=kotlin.Array<out kotlin.String> origin=null
        VAR IR_TEMPORARY_VARIABLE name:tmp0 type:kotlin.Array<out kotlin.String> [val]
          CALL 'public final fun arrayOfNulls <T> (size: kotlin.Int): kotlin.Array<T of kotlin.arrayOfNulls?> declared in kotlin' type=kotlin.Array<out kotlin.String> origin=null
            <T>: kotlin.String
            size: CONST Int type=kotlin.Int value=3
        CALL 'public final fun set (index: kotlin.Int, value: T of kotlin.Array): kotlin.Unit [operator] declared in kotlin.Array' type=kotlin.Unit origin=null
          $this: GET_VAR 'val tmp0: kotlin.Array<out kotlin.String> [val] declared in com.example.flashcard_app.MainActivity.onCreate' type=kotlin.Array<out kotlin.String> origin=null
          index: CONST Int type=kotlin.Int value=0
          value: CONST String type=kotlin.String value="Donald Trump"
        CALL 'public final fun set (index: kotlin.Int, value: T of kotlin.Array): kotlin.Unit [operator] declared in kotlin.Array' type=kotlin.Unit origin=null
          $this: GET_VAR 'val tmp0: kotlin.Array<out kotlin.String> [val] declared in com.example.flashcard_app.MainActivity.onCreate' type=kotlin.Array<out kotlin.String> origin=null
          index: CONST Int type=kotlin.Int value=1
          value: CONST String type=kotlin.String value="Moi"
        CALL 'public final fun set (index: kotlin.Int, value: T of kotlin.Array): kotlin.Unit [operator] declared in kotlin.Array' type=kotlin.Unit origin=null
          $this: GET_VAR 'val tmp0: kotlin.Array<out kotlin.String> [val] declared in com.example.flashcard_app.MainActivity.onCreate' type=kotlin.Array<out kotlin.String> origin=null
          index: CONST Int type=kotlin.Int value=2
          value: CONST String type=kotlin.String value="Mauvais temps"
        GET_VAR 'val tmp0: kotlin.Array<out kotlin.String> [val] declared in com.example.flashcard_app.MainActivity.onCreate' type=kotlin.Array<out kotlin.String> origin=null
    VAR name:rep1 type:@[FlexibleNullability] android.widget.TextView? [val]
      CALL 'public open fun findViewById <T> (p0: kotlin.Int): @[FlexibleNullability] T of com.example.flashcard_app.MainActivity.findViewById? [fake_override] declared in com.example.flashcard_app.MainActivity' type=@[FlexibleNullability] android.widget.TextView? origin=null
        <T>: @[FlexibleNullability] android.widget.TextView?
        $this: GET_VAR '<this>: com.example.flashcard_app.MainActivity declared in com.example.flashcard_app.MainActivity.onCreate' type=com.example.flashcard_app.MainActivity origin=null
        p0: GET_FIELD 'FIELD IR_EXTERNAL_JAVA_DECLARATION_STUB name:textViewReponse1 type:kotlin.Int visibility:public [static] declared in com.example.flashcard_app.R.id' type=kotlin.Int superQualifierSymbol=com.example.flashcard_app.R.id origin=null
    VAR name:rep2 type:@[FlexibleNullability] android.widget.TextView? [val]
      CALL 'public open fun findViewById <T> (p0: kotlin.Int): @[FlexibleNullability] T of com.example.flashcard_app.MainActivity.findViewById? [fake_override] declared in com.example.flashcard_app.MainActivity' type=@[FlexibleNullability] android.widget.TextView? origin=null
        <T>: @[FlexibleNullability] android.widget.TextView?
        $this: GET_VAR '<this>: com.example.flashcard_app.MainActivity declared in com.example.flashcard_app.MainActivity.onCreate' type=com.example.flashcard_app.MainActivity origin=null
        p0: GET_FIELD 'FIELD IR_EXTERNAL_JAVA_DECLARATION_STUB name:textViewReponse2 type:kotlin.Int visibility:public [static] declared in com.example.flashcard_app.R.id' type=kotlin.Int superQualifierSymbol=com.example.flashcard_app.R.id origin=null
    VAR name:rep3 type:@[FlexibleNullability] android.widget.TextView? [val]
      CALL 'public open fun findViewById <T> (p0: kotlin.Int): @[FlexibleNullability] T of com.example.flashcard_app.MainActivity.findViewById? [fake_override] declared in com.example.flashcard_app.MainActivity' type=@[FlexibleNullability] android.widget.TextView? origin=null
        <T>: @[FlexibleNullability] android.widget.TextView?
        $this: GET_VAR '<this>: com.example.flashcard_app.MainActivity declared in com.example.flashcard_app.MainActivity.onCreate' type=com.example.flashcard_app.MainActivity origin=null
        p0: GET_FIELD 'FIELD IR_EXTERNAL_JAVA_DECLARATION_STUB name:textViewReponse3 type:kotlin.Int visibility:public [static] declared in com.example.flashcard_app.R.id' type=kotlin.Int superQualifierSymbol=com.example.flashcard_app.R.id origin=null
    VAR name:buttonFC type:@[FlexibleNullability] android.widget.Button? [val]
      CALL 'public open fun findViewById <T> (p0: kotlin.Int): @[FlexibleNullability] T of com.example.flashcard_app.MainActivity.findViewById? [fake_override] declared in com.example.flashcard_app.MainActivity' type=@[FlexibleNullability] android.widget.Button? origin=null
        <T>: @[FlexibleNullability] android.widget.Button?
        $this: GET_VAR '<this>: com.example.flashcard_app.MainActivity declared in com.example.flashcard_app.MainActivity.onCreate' type=com.example.flashcard_app.MainActivity origin=null
        p0: GET_FIELD 'FIELD IR_EXTERNAL_JAVA_DECLARATION_STUB name:button type:kotlin.Int visibility:public [static] declared in com.example.flashcard_app.R.id' type=kotlin.Int superQualifierSymbol=com.example.flashcard_app.R.id origin=null
    VAR name:getValueQues type:@[FlexibleNullability] android.widget.TextView? [var]
      CALL 'public open fun findViewById <T> (p0: kotlin.Int): @[FlexibleNullability] T of com.example.flashcard_app.MainActivity.findViewById? [fake_override] declared in com.example.flashcard_app.MainActivity' type=@[FlexibleNullability] android.widget.TextView? origin=null
        <T>: @[FlexibleNullability] android.widget.TextView?
        $this: GET_VAR '<this>: com.example.flashcard_app.MainActivity declared in com.example.flashcard_app.MainActivity.onCreate' type=com.example.flashcard_app.MainActivity origin=null
        p0: GET_FIELD 'FIELD IR_EXTERNAL_JAVA_DECLARATION_STUB name:questionText type:kotlin.Int visibility:public [static] declared in com.example.flashcard_app.R.id' type=kotlin.Int superQualifierSymbol=com.example.flashcard_app.R.id origin=null
    COMPOSITE type=kotlin.Unit origin=null
      VAR name:getValueRep type:kotlin.jvm.internal.Ref.ObjectRef<kotlin.String> [val]
        CONSTRUCTOR_CALL 'public constructor <init> () declared in kotlin.jvm.internal.Ref.ObjectRef' type=kotlin.jvm.internal.Ref.ObjectRef<kotlin.String> origin=null
          <class: T>: kotlin.String
      SET_FIELD 'FIELD IR_BUILTINS_STUB name:element type:T of kotlin.jvm.internal.Ref.ObjectRef visibility:public declared in kotlin.jvm.internal.Ref.ObjectRef' type=kotlin.Unit origin=null
        receiver: GET_VAR 'val getValueRep: kotlin.jvm.internal.Ref.ObjectRef<kotlin.String> [val] declared in com.example.flashcard_app.MainActivity.onCreate' type=kotlin.jvm.internal.Ref.ObjectRef<kotlin.String> origin=null
        value: CONST String type=kotlin.String value=""
    COMPOSITE type=kotlin.Unit origin=null
      VAR name:count type:kotlin.jvm.internal.Ref.ObjectRef<androidx.compose.runtime.MutableState<kotlin.Int>> [val]
        CONSTRUCTOR_CALL 'public constructor <init> () declared in kotlin.jvm.internal.Ref.ObjectRef' type=kotlin.jvm.internal.Ref.ObjectRef<androidx.compose.runtime.MutableState<kotlin.Int>> origin=null
          <class: T>: androidx.compose.runtime.MutableState<kotlin.Int>
      SET_FIELD 'FIELD IR_BUILTINS_STUB name:element type:T of kotlin.jvm.internal.Ref.ObjectRef visibility:public declared in kotlin.jvm.internal.Ref.ObjectRef' type=kotlin.Unit origin=null
        receiver: GET_VAR 'val count: kotlin.jvm.internal.Ref.ObjectRef<androidx.compose.runtime.MutableState<kotlin.Int>> [val] declared in com.example.flashcard_app.MainActivity.onCreate' type=kotlin.jvm.internal.Ref.ObjectRef<androidx.compose.runtime.MutableState<kotlin.Int>> origin=null
        value: CALL 'public final fun remember <T> (calculation: @[DisallowComposableCalls] kotlin.Function0<T of androidx.compose.runtime.ComposablesKt.remember>): T of androidx.compose.runtime.ComposablesKt.remember [inline] declared in androidx.compose.runtime.ComposablesKt' type=androidx.compose.runtime.MutableState<kotlin.Int> origin=null
          <T>: androidx.compose.runtime.MutableState<kotlin.Int>
          calculation: BLOCK type=kotlin.Function0<androidx.compose.runtime.MutableState<kotlin.Int>> origin=LAMBDA
            COMPOSITE type=kotlin.Unit origin=null
            FUNCTION_REFERENCE 'private final fun onCreate$lambda$0 (): androidx.compose.runtime.MutableState<kotlin.Int> declared in com.example.flashcard_app.MainActivity' type=kotlin.Function0<androidx.compose.runtime.MutableState<kotlin.Int>> origin=INLINE_LAMBDA reflectionTarget=null
    WHEN type=kotlin.Unit origin=IF
      BRANCH
        if: CALL 'public final fun EQEQ (arg0: kotlin.Any?, arg1: kotlin.Any?): kotlin.Boolean declared in kotlin.internal.ir' type=kotlin.Boolean origin=EQEQ
          arg0: CALL 'public abstract fun <get-value> (): T of androidx.compose.runtime.MutableState declared in androidx.compose.runtime.MutableState' type=kotlin.Int origin=GET_PROPERTY
            $this: GET_FIELD 'FIELD IR_BUILTINS_STUB name:element type:T of kotlin.jvm.internal.Ref.ObjectRef visibility:public declared in kotlin.jvm.internal.Ref.ObjectRef' type=androidx.compose.runtime.MutableState<kotlin.Int> origin=null
              receiver: GET_VAR 'val count: kotlin.jvm.internal.Ref.ObjectRef<androidx.compose.runtime.MutableState<kotlin.Int>> [val] declared in com.example.flashcard_app.MainActivity.onCreate' type=kotlin.jvm.internal.Ref.ObjectRef<androidx.compose.runtime.MutableState<kotlin.Int>> origin=null
          arg1: CONST Int type=kotlin.Int value=2
        then: BLOCK type=kotlin.Unit origin=null
          CALL 'public abstract fun <set-value> (value: T of androidx.compose.runtime.MutableState): kotlin.Unit declared in androidx.compose.runtime.MutableState' type=kotlin.Unit origin=EQ
            $this: GET_FIELD 'FIELD IR_BUILTINS_STUB name:element type:T of kotlin.jvm.internal.Ref.ObjectRef visibility:public declared in kotlin.jvm.internal.Ref.ObjectRef' type=androidx.compose.runtime.MutableState<kotlin.Int> origin=null
              receiver: GET_VAR 'val count: kotlin.jvm.internal.Ref.ObjectRef<androidx.compose.runtime.MutableState<kotlin.Int>> [val] declared in com.example.flashcard_app.MainActivity.onCreate' type=kotlin.jvm.internal.Ref.ObjectRef<androidx.compose.runtime.MutableState<kotlin.Int>> origin=null
            value: CONST Int type=kotlin.Int value=0
    CALL 'public final fun setText (p0: @[FlexibleNullability] kotlin.CharSequence?): kotlin.Unit declared in android.widget.TextView' type=kotlin.Unit origin=EQ
      $this: GET_VAR 'var getValueQues: @[FlexibleNullability] android.widget.TextView? [var] declared in com.example.flashcard_app.MainActivity.onCreate' type=@[FlexibleNullability] android.widget.TextView? origin=null
      p0: CALL 'public final fun get (index: kotlin.Int): T of kotlin.Array [operator] declared in kotlin.Array' type=kotlin.String origin=GET_ARRAY_ELEMENT
        $this: GET_VAR 'val question: kotlin.Array<kotlin.String> [val] declared in com.example.flashcard_app.MainActivity.onCreate' type=kotlin.Array<kotlin.String> origin=null
        index: CALL 'public abstract fun <get-value> (): T of androidx.compose.runtime.MutableState declared in androidx.compose.runtime.MutableState' type=kotlin.Int origin=GET_PROPERTY
          $this: GET_FIELD 'FIELD IR_BUILTINS_STUB name:element type:T of kotlin.jvm.internal.Ref.ObjectRef visibility:public declared in kotlin.jvm.internal.Ref.ObjectRef' type=androidx.compose.runtime.MutableState<kotlin.Int> origin=null
            receiver: GET_VAR 'val count: kotlin.jvm.internal.Ref.ObjectRef<androidx.compose.runtime.MutableState<kotlin.Int>> [val] declared in com.example.flashcard_app.MainActivity.onCreate' type=kotlin.jvm.internal.Ref.ObjectRef<androidx.compose.runtime.MutableState<kotlin.Int>> origin=null
    CALL 'public open fun setOnClickListener (p0: @[EnhancedNullability] android.view.View.OnClickListener?): kotlin.Unit [fake_override] declared in android.widget.TextView' type=kotlin.Unit origin=null
      $this: GET_VAR 'val rep1: @[FlexibleNullability] android.widget.TextView? [val] declared in com.example.flashcard_app.MainActivity.onCreate' type=@[FlexibleNullability] android.widget.TextView? origin=null
      p0: BLOCK type=android.view.View.OnClickListener origin=LAMBDA
        COMPOSITE type=kotlin.Unit origin=null
        CALL 'public final fun <jvm-indy> <T> (dynamicCall: T of kotlin.jvm.internal.<jvm-indy>, bootstrapMethodHandle: kotlin.Any, vararg bootstrapMethodArguments: kotlin.Any): T of kotlin.jvm.internal.<jvm-indy> declared in kotlin.jvm.internal' type=android.view.View.OnClickListener origin=null
          <T>: android.view.View.OnClickListener
          dynamicCall: CALL 'public final fun onClick (p0: kotlin.jvm.internal.Ref.ObjectRef<kotlin.String>, p1: @[FlexibleNullability] android.widget.TextView?): android.view.View.OnClickListener declared in kotlin.jvm.internal.invokeDynamic' type=android.view.View.OnClickListener origin=null
            p0: GET_VAR 'val getValueRep: kotlin.jvm.internal.Ref.ObjectRef<kotlin.String> [val] declared in com.example.flashcard_app.MainActivity.onCreate' type=kotlin.jvm.internal.Ref.ObjectRef<kotlin.String> origin=null
            p1: GET_VAR 'val rep1: @[FlexibleNullability] android.widget.TextView? [val] declared in com.example.flashcard_app.MainActivity.onCreate' type=@[FlexibleNullability] android.widget.TextView? origin=null
          bootstrapMethodHandle: CALL 'public final fun <jvm-method-handle> (tag: kotlin.Int, owner: kotlin.String, name: kotlin.String, descriptor: kotlin.String, isInterface: kotlin.Boolean): kotlin.Any declared in kotlin.jvm.internal' type=kotlin.Any origin=null
            tag: CONST Int type=kotlin.Int value=6
            owner: CONST String type=kotlin.String value="java/lang/invoke/LambdaMetafactory"
            name: CONST String type=kotlin.String value="metafactory"
            descriptor: CONST String type=kotlin.String value="(Ljava/lang/invoke/MethodHandles$Lookup;Ljava/lang/String;Ljava/lang/invoke/MethodType;Ljava/lang/invoke/MethodType;Ljava/lang/invoke/MethodHandle;Ljava/lang/invoke/MethodType;)Ljava/lang/invoke/CallSite;"
            isInterface: CONST Boolean type=kotlin.Boolean value=false
          bootstrapMethodArguments: VARARG type=kotlin.Array<kotlin.Any> varargElementType=kotlin.Any
            CALL 'public final fun <jvm-original-method-type> (method: kotlin.Any): kotlin.Any declared in kotlin.jvm.internal' type=kotlin.Any origin=null
              method: RAW_FUNCTION_REFERENCE 'public abstract fun onClick (p0: @[FlexibleNullability] android.view.View?): kotlin.Unit declared in android.view.View.OnClickListener' type=kotlin.Any
            RAW_FUNCTION_REFERENCE 'private final fun onCreate$lambda$1 ($getValueRep: kotlin.jvm.internal.Ref.ObjectRef<kotlin.String>, $rep1: @[FlexibleNullability] android.widget.TextView?, it: @[FlexibleNullability] android.view.View?): kotlin.Unit declared in com.example.flashcard_app.MainActivity' type=kotlin.Any
            CALL 'public final fun <jvm-original-method-type> (method: kotlin.Any): kotlin.Any declared in kotlin.jvm.internal' type=kotlin.Any origin=null
              method: RAW_FUNCTION_REFERENCE 'public abstract fun onClick (p0: @[FlexibleNullability] android.view.View?): kotlin.Unit [fake_override] declared in kotlin.jvm.internal.invokeDynamic.<fake>' type=kotlin.Any
    CALL 'public open fun setOnClickListener (p0: @[EnhancedNullability] android.view.View.OnClickListener?): kotlin.Unit [fake_override] declared in android.widget.TextView' type=kotlin.Unit origin=null
      $this: GET_VAR 'val rep2: @[FlexibleNullability] android.widget.TextView? [val] declared in com.example.flashcard_app.MainActivity.onCreate' type=@[FlexibleNullability] android.widget.TextView? origin=null
      p0: BLOCK type=android.view.View.OnClickListener origin=LAMBDA
        COMPOSITE type=kotlin.Unit origin=null
        CALL 'public final fun <jvm-indy> <T> (dynamicCall: T of kotlin.jvm.internal.<jvm-indy>, bootstrapMethodHandle: kotlin.Any, vararg bootstrapMethodArguments: kotlin.Any): T of kotlin.jvm.internal.<jvm-indy> declared in kotlin.jvm.internal' type=android.view.View.OnClickListener origin=null
          <T>: android.view.View.OnClickListener
          dynamicCall: CALL 'public final fun onClick (p0: kotlin.jvm.internal.Ref.ObjectRef<kotlin.String>, p1: @[FlexibleNullability] android.widget.TextView?): android.view.View.OnClickListener declared in kotlin.jvm.internal.invokeDynamic' type=android.view.View.OnClickListener origin=null
            p0: GET_VAR 'val getValueRep: kotlin.jvm.internal.Ref.ObjectRef<kotlin.String> [val] declared in com.example.flashcard_app.MainActivity.onCreate' type=kotlin.jvm.internal.Ref.ObjectRef<kotlin.String> origin=null
            p1: GET_VAR 'val rep2: @[FlexibleNullability] android.widget.TextView? [val] declared in com.example.flashcard_app.MainActivity.onCreate' type=@[FlexibleNullability] android.widget.TextView? origin=null
          bootstrapMethodHandle: CALL 'public final fun <jvm-method-handle> (tag: kotlin.Int, owner: kotlin.String, name: kotlin.String, descriptor: kotlin.String, isInterface: kotlin.Boolean): kotlin.Any declared in kotlin.jvm.internal' type=kotlin.Any origin=null
            tag: CONST Int type=kotlin.Int value=6
            owner: CONST String type=kotlin.String value="java/lang/invoke/LambdaMetafactory"
            name: CONST String type=kotlin.String value="metafactory"
            descriptor: CONST String type=kotlin.String value="(Ljava/lang/invoke/MethodHandles$Lookup;Ljava/lang/String;Ljava/lang/invoke/MethodType;Ljava/lang/invoke/MethodType;Ljava/lang/invoke/MethodHandle;Ljava/lang/invoke/MethodType;)Ljava/lang/invoke/CallSite;"
            isInterface: CONST Boolean type=kotlin.Boolean value=false
          bootstrapMethodArguments: VARARG type=kotlin.Array<kotlin.Any> varargElementType=kotlin.Any
            CALL 'public final fun <jvm-original-method-type> (method: kotlin.Any): kotlin.Any declared in kotlin.jvm.internal' type=kotlin.Any origin=null
              method: RAW_FUNCTION_REFERENCE 'public abstract fun onClick (p0: @[FlexibleNullability] android.view.View?): kotlin.Unit declared in android.view.View.OnClickListener' type=kotlin.Any
            RAW_FUNCTION_REFERENCE 'private final fun onCreate$lambda$2 ($getValueRep: kotlin.jvm.internal.Ref.ObjectRef<kotlin.String>, $rep2: @[FlexibleNullability] android.widget.TextView?, it: @[FlexibleNullability] android.view.View?): kotlin.Unit declared in com.example.flashcard_app.MainActivity' type=kotlin.Any
            CALL 'public final fun <jvm-original-method-type> (method: kotlin.Any): kotlin.Any declared in kotlin.jvm.internal' type=kotlin.Any origin=null
              method: RAW_FUNCTION_REFERENCE 'public abstract fun onClick (p0: @[FlexibleNullability] android.view.View?): kotlin.Unit [fake_override] declared in kotlin.jvm.internal.invokeDynamic.<fake>' type=kotlin.Any
    CALL 'public open fun setOnClickListener (p0: @[EnhancedNullability] android.view.View.OnClickListener?): kotlin.Unit [fake_override] declared in android.widget.TextView' type=kotlin.Unit origin=null
      $this: GET_VAR 'val rep3: @[FlexibleNullability] android.widget.TextView? [val] declared in com.example.flashcard_app.MainActivity.onCreate' type=@[FlexibleNullability] android.widget.TextView? origin=null
      p0: BLOCK type=android.view.View.OnClickListener origin=LAMBDA
        COMPOSITE type=kotlin.Unit origin=null
        CALL 'public final fun <jvm-indy> <T> (dynamicCall: T of kotlin.jvm.internal.<jvm-indy>, bootstrapMethodHandle: kotlin.Any, vararg bootstrapMethodArguments: kotlin.Any): T of kotlin.jvm.internal.<jvm-indy> declared in kotlin.jvm.internal' type=android.view.View.OnClickListener origin=null
          <T>: android.view.View.OnClickListener
          dynamicCall: CALL 'public final fun onClick (p0: kotlin.jvm.internal.Ref.ObjectRef<kotlin.String>, p1: @[FlexibleNullability] android.widget.TextView?): android.view.View.OnClickListener declared in kotlin.jvm.internal.invokeDynamic' type=android.view.View.OnClickListener origin=null
            p0: GET_VAR 'val getValueRep: kotlin.jvm.internal.Ref.ObjectRef<kotlin.String> [val] declared in com.example.flashcard_app.MainActivity.onCreate' type=kotlin.jvm.internal.Ref.ObjectRef<kotlin.String> origin=null
            p1: GET_VAR 'val rep3: @[FlexibleNullability] android.widget.TextView? [val] declared in com.example.flashcard_app.MainActivity.onCreate' type=@[FlexibleNullability] android.widget.TextView? origin=null
          bootstrapMethodHandle: CALL 'public final fun <jvm-method-handle> (tag: kotlin.Int, owner: kotlin.String, name: kotlin.String, descriptor: kotlin.String, isInterface: kotlin.Boolean): kotlin.Any declared in kotlin.jvm.internal' type=kotlin.Any origin=null
            tag: CONST Int type=kotlin.Int value=6
            owner: CONST String type=kotlin.String value="java/lang/invoke/LambdaMetafactory"
            name: CONST String type=kotlin.String value="metafactory"
            descriptor: CONST String type=kotlin.String value="(Ljava/lang/invoke/MethodHandles$Lookup;Ljava/lang/String;Ljava/lang/invoke/MethodType;Ljava/lang/invoke/MethodType;Ljava/lang/invoke/MethodHandle;Ljava/lang/invoke/MethodType;)Ljava/lang/invoke/CallSite;"
            isInterface: CONST Boolean type=kotlin.Boolean value=false
          bootstrapMethodArguments: VARARG type=kotlin.Array<kotlin.Any> varargElementType=kotlin.Any
            CALL 'public final fun <jvm-original-method-type> (method: kotlin.Any): kotlin.Any declared in kotlin.jvm.internal' type=kotlin.Any origin=null
              method: RAW_FUNCTION_REFERENCE 'public abstract fun onClick (p0: @[FlexibleNullability] android.view.View?): kotlin.Unit declared in android.view.View.OnClickListener' type=kotlin.Any
            RAW_FUNCTION_REFERENCE 'private final fun onCreate$lambda$3 ($getValueRep: kotlin.jvm.internal.Ref.ObjectRef<kotlin.String>, $rep3: @[FlexibleNullability] android.widget.TextView?, it: @[FlexibleNullability] android.view.View?): kotlin.Unit declared in com.example.flashcard_app.MainActivity' type=kotlin.Any
            CALL 'public final fun <jvm-original-method-type> (method: kotlin.Any): kotlin.Any declared in kotlin.jvm.internal' type=kotlin.Any origin=null
              method: RAW_FUNCTION_REFERENCE 'public abstract fun onClick (p0: @[FlexibleNullability] android.view.View?): kotlin.Unit [fake_override] declared in kotlin.jvm.internal.invokeDynamic.<fake>' type=kotlin.Any
    CALL 'public open fun setOnClickListener (p0: @[EnhancedNullability] android.view.View.OnClickListener?): kotlin.Unit [fake_override] declared in android.widget.Button' type=kotlin.Unit origin=null
      $this: GET_VAR 'val buttonFC: @[FlexibleNullability] android.widget.Button? [val] declared in com.example.flashcard_app.MainActivity.onCreate' type=@[FlexibleNullability] android.widget.Button? origin=null
      p0: BLOCK type=android.view.View.OnClickListener origin=LAMBDA
        COMPOSITE type=kotlin.Unit origin=null
        CALL 'public final fun <jvm-indy> <T> (dynamicCall: T of kotlin.jvm.internal.<jvm-indy>, bootstrapMethodHandle: kotlin.Any, vararg bootstrapMethodArguments: kotlin.Any): T of kotlin.jvm.internal.<jvm-indy> declared in kotlin.jvm.internal' type=android.view.View.OnClickListener origin=null
          <T>: android.view.View.OnClickListener
          dynamicCall: CALL 'public final fun onClick (p0: kotlin.jvm.internal.Ref.ObjectRef<androidx.compose.runtime.MutableState<kotlin.Int>>): android.view.View.OnClickListener declared in kotlin.jvm.internal.invokeDynamic' type=android.view.View.OnClickListener origin=null
            p0: GET_VAR 'val count: kotlin.jvm.internal.Ref.ObjectRef<androidx.compose.runtime.MutableState<kotlin.Int>> [val] declared in com.example.flashcard_app.MainActivity.onCreate' type=kotlin.jvm.internal.Ref.ObjectRef<androidx.compose.runtime.MutableState<kotlin.Int>> origin=null
          bootstrapMethodHandle: CALL 'public final fun <jvm-method-handle> (tag: kotlin.Int, owner: kotlin.String, name: kotlin.String, descriptor: kotlin.String, isInterface: kotlin.Boolean): kotlin.Any declared in kotlin.jvm.internal' type=kotlin.Any origin=null
            tag: CONST Int type=kotlin.Int value=6
            owner: CONST String type=kotlin.String value="java/lang/invoke/LambdaMetafactory"
            name: CONST String type=kotlin.String value="metafactory"
            descriptor: CONST String type=kotlin.String value="(Ljava/lang/invoke/MethodHandles$Lookup;Ljava/lang/String;Ljava/lang/invoke/MethodType;Ljava/lang/invoke/MethodType;Ljava/lang/invoke/MethodHandle;Ljava/lang/invoke/MethodType;)Ljava/lang/invoke/CallSite;"
            isInterface: CONST Boolean type=kotlin.Boolean value=false
          bootstrapMethodArguments: VARARG type=kotlin.Array<kotlin.Any> varargElementType=kotlin.Any
            CALL 'public final fun <jvm-original-method-type> (method: kotlin.Any): kotlin.Any declared in kotlin.jvm.internal' type=kotlin.Any origin=null
              method: RAW_FUNCTION_REFERENCE 'public abstract fun onClick (p0: @[FlexibleNullability] android.view.View?): kotlin.Unit declared in android.view.View.OnClickListener' type=kotlin.Any
            RAW_FUNCTION_REFERENCE 'private final fun onCreate$lambda$4 ($count: kotlin.jvm.internal.Ref.ObjectRef<androidx.compose.runtime.MutableState<kotlin.Int>>, it: @[FlexibleNullability] android.view.View?): kotlin.Unit declared in com.example.flashcard_app.MainActivity' type=kotlin.Any
            CALL 'public final fun <jvm-original-method-type> (method: kotlin.Any): kotlin.Any declared in kotlin.jvm.internal' type=kotlin.Any origin=null
              method: RAW_FUNCTION_REFERENCE 'public abstract fun onClick (p0: @[FlexibleNullability] android.view.View?): kotlin.Unit [fake_override] declared in kotlin.jvm.internal.invokeDynamic.<fake>' type=kotlin.Any

	at org.jetbrains.kotlin.backend.jvm.codegen.FunctionCodegen.generate(FunctionCodegen.kt:47)
	at org.jetbrains.kotlin.backend.jvm.codegen.FunctionCodegen.generate$default(FunctionCodegen.kt:40)
	at org.jetbrains.kotlin.backend.jvm.codegen.ClassCodegen.generateMethodNode(ClassCodegen.kt:406)
	at org.jetbrains.kotlin.backend.jvm.codegen.ClassCodegen.generateMethod(ClassCodegen.kt:423)
	at org.jetbrains.kotlin.backend.jvm.codegen.ClassCodegen.generate(ClassCodegen.kt:168)
	at org.jetbrains.kotlin.backend.jvm.FileCodegen.lower(JvmPhases.kt:39)
	at org.jetbrains.kotlin.backend.common.phaser.PhaseFactoriesKt.createFilePhase$lambda$4(PhaseFactories.kt:71)
	at org.jetbrains.kotlin.backend.common.phaser.PhaseBuildersKt$createSimpleNamedCompilerPhase$1.phaseBody(PhaseBuilders.kt:69)
	at org.jetbrains.kotlin.backend.common.phaser.SimpleNamedCompilerPhase.phaseBody(CompilerPhase.kt:226)
	at org.jetbrains.kotlin.backend.common.phaser.AbstractNamedCompilerPhase.invoke(CompilerPhase.kt:113)
	at org.jetbrains.kotlin.backend.common.phaser.PerformByIrFilePhase.invokeSequential(performByIrFile.kt:62)
	... 44 more
Caused by: org.jetbrains.kotlin.codegen.CompilationException: Back-end (JVM) Internal error: Couldn't inline method call: CALL 'public final fun remember <T> (calculation: @[DisallowComposableCalls] kotlin.Function0<T of androidx.compose.runtime.ComposablesKt.remember>): T of androidx.compose.runtime.ComposablesKt.remember [inline] declared in androidx.compose.runtime.ComposablesKt' type=androidx.compose.runtime.MutableState<kotlin.Int> origin=null
Method: null
File is unknown
The root cause java.lang.IllegalStateException was thrown at: org.jetbrains.kotlin.codegen.inline.SourceCompilerForInlineKt.getMethodNode(SourceCompilerForInline.kt:118)
	at org.jetbrains.kotlin.codegen.inline.InlineCodegen.performInline(InlineCodegen.kt:65)
	at org.jetbrains.kotlin.backend.jvm.codegen.IrInlineCodegen.genInlineCall(IrInlineCodegen.kt:163)
	at org.jetbrains.kotlin.backend.jvm.codegen.IrInlineCallGenerator.genCall(IrInlineCallGenerator.kt:36)
	at org.jetbrains.kotlin.backend.jvm.codegen.ExpressionCodegen.visitCall(ExpressionCodegen.kt:653)
	at org.jetbrains.kotlin.backend.jvm.codegen.ExpressionCodegen.visitCall(ExpressionCodegen.kt:138)
	at org.jetbrains.kotlin.ir.expressions.IrCall.accept(IrCall.kt:24)
	at org.jetbrains.kotlin.backend.jvm.codegen.ExpressionCodegen.visitFieldAccess(ExpressionCodegen.kt:878)
	at org.jetbrains.kotlin.backend.jvm.codegen.ExpressionCodegen.visitFieldAccess(ExpressionCodegen.kt:138)
	at org.jetbrains.kotlin.ir.visitors.IrElementVisitor$DefaultImpls.visitSetField(IrElementVisitor.kt:206)
	at org.jetbrains.kotlin.backend.jvm.codegen.ExpressionCodegen.visitSetField(ExpressionCodegen.kt:908)
	at org.jetbrains.kotlin.backend.jvm.codegen.ExpressionCodegen.visitSetField(ExpressionCodegen.kt:138)
	at org.jetbrains.kotlin.ir.expressions.IrSetField.accept(IrSetField.kt:21)
	at org.jetbrains.kotlin.backend.jvm.codegen.ExpressionCodegen.visitStatementContainer(ExpressionCodegen.kt:579)
	at org.jetbrains.kotlin.backend.jvm.codegen.ExpressionCodegen.visitContainerExpression(ExpressionCodegen.kt:593)
	at org.jetbrains.kotlin.backend.jvm.codegen.ExpressionCodegen.visitContainerExpression(ExpressionCodegen.kt:138)
	at org.jetbrains.kotlin.ir.visitors.IrElementVisitor$DefaultImpls.visitComposite(IrElementVisitor.kt:125)
	at org.jetbrains.kotlin.backend.jvm.codegen.ExpressionCodegen.visitComposite(ExpressionCodegen.kt:138)
	at org.jetbrains.kotlin.backend.jvm.codegen.ExpressionCodegen.visitComposite(ExpressionCodegen.kt:138)
	at org.jetbrains.kotlin.ir.expressions.IrComposite.accept(IrComposite.kt:18)
	at org.jetbrains.kotlin.backend.jvm.codegen.ExpressionCodegen.visitStatementContainer(ExpressionCodegen.kt:579)
	at org.jetbrains.kotlin.backend.jvm.codegen.ExpressionCodegen.visitBlockBody(ExpressionCodegen.kt:584)
	at org.jetbrains.kotlin.backend.jvm.codegen.ExpressionCodegen.visitBlockBody(ExpressionCodegen.kt:138)
	at org.jetbrains.kotlin.ir.expressions.IrBlockBody.accept(IrBlockBody.kt:20)
	at org.jetbrains.kotlin.backend.jvm.codegen.ExpressionCodegen.generate(ExpressionCodegen.kt:240)
	at org.jetbrains.kotlin.backend.jvm.codegen.FunctionCodegen.doGenerate(FunctionCodegen.kt:123)
	at org.jetbrains.kotlin.backend.jvm.codegen.FunctionCodegen.generate(FunctionCodegen.kt:44)
	... 54 more
Caused by: java.lang.IllegalStateException: couldn't find inline method Landroidx/compose/runtime/ComposablesKt;.remember(Lkotlin/jvm/functions/Function0;)Ljava/lang/Object;
	at org.jetbrains.kotlin.codegen.inline.SourceCompilerForInlineKt.getMethodNode(SourceCompilerForInline.kt:118)
	at org.jetbrains.kotlin.codegen.inline.SourceCompilerForInlineKt.loadCompiledInlineFunction(SourceCompilerForInline.kt:96)
	at org.jetbrains.kotlin.backend.jvm.codegen.IrSourceCompilerForInline.compileInlineFunction(IrSourceCompilerForInline.kt:91)
	at org.jetbrains.kotlin.codegen.inline.InlineCodegen.compileInline(InlineCodegen.kt:43)
	at org.jetbrains.kotlin.codegen.inline.InlineCodegen.performInline(InlineCodegen.kt:51)
	... 79 more


